d:\projects\qtvs\numericalmethod\numericalmethod\x64\debug\numericalmethod_method.obj
d:\projects\qtvs\numericalmethod\numericalmethod\x64\debug\main.obj
d:\projects\qtvs\numericalmethod\numericalmethod\x64\debug\rkmethod.obj
d:\projects\qtvs\numericalmethod\numericalmethod\x64\debug\qcustomplot.obj
d:\projects\qtvs\numericalmethod\numericalmethod\x64\debug\bisectionmethod.obj
d:\projects\qtvs\numericalmethod\numericalmethod\x64\debug\numericalmethod.obj
d:\projects\qtvs\numericalmethod\numericalmethod\x64\debug\nrmethod.obj
d:\projects\qtvs\numericalmethod\numericalmethod\x64\debug\vc142.pdb
d:\projects\qtvs\numericalmethod\numericalmethod\x64\debug\moc_nrmethod.obj
d:\projects\qtvs\numericalmethod\numericalmethod\x64\debug\moc_numericalmethod_method.obj
d:\projects\qtvs\numericalmethod\numericalmethod\x64\debug\qrc_numericalmethod.obj
d:\projects\qtvs\numericalmethod\numericalmethod\x64\debug\moc_rkmethod.obj
d:\projects\qtvs\numericalmethod\numericalmethod\x64\debug\moc_bisectionmethod.obj
d:\projects\qtvs\numericalmethod\numericalmethod\x64\debug\moc_qcustomplot.obj
d:\projects\qtvs\numericalmethod\numericalmethod\x64\debug\moc_numericalmethod.obj
d:\projects\qtvs\numericalmethod\x64\debug\numericalmethod.ilk
d:\projects\qtvs\numericalmethod\x64\debug\numericalmethod.exe
d:\projects\qtvs\numericalmethod\x64\debug\numericalmethod.pdb
d:\projects\qtvs\numericalmethod\numericalmethod\x64\debug\moc\moc_numericalmethod.cpp
d:\projects\qtvs\numericalmethod\numericalmethod\x64\debug\moc\moc_rkmethod.cpp
d:\projects\qtvs\numericalmethod\numericalmethod\x64\debug\moc\moc_bisectionmethod.cpp
d:\projects\qtvs\numericalmethod\numericalmethod\x64\debug\moc\moc_numericalmethod_method.cpp
d:\projects\qtvs\numericalmethod\numericalmethod\x64\debug\moc\moc_qcustomplot.cpp
d:\projects\qtvs\numericalmethod\numericalmethod\x64\debug\moc\moc_nrmethod.cpp
d:\projects\qtvs\numericalmethod\numericalmethod\x64\debug\uic\ui_bisectionmethod.h
d:\projects\qtvs\numericalmethod\numericalmethod\x64\debug\uic\ui_nrmethod.h
d:\projects\qtvs\numericalmethod\numericalmethod\x64\debug\uic\ui_numericalmethod.h
d:\projects\qtvs\numericalmethod\numericalmethod\x64\debug\uic\ui_numericalmethod_method.h
d:\projects\qtvs\numericalmethod\numericalmethod\x64\debug\uic\ui_rkmethod.h
d:\projects\qtvs\numericalmethod\numericalmethod\x64\debug\rcc\qrc_numericalmethod.cpp
d:\projects\qtvs\numericalmethod\numericalmethod\x64\debug\numericalmethod.res
d:\projects\qtvs\numericalmethod\numericalmethod\x64\debug\numericalmethod.tlog\cl.1244.write.1.tlog
d:\projects\qtvs\numericalmethod\numericalmethod\x64\debug\numericalmethod.tlog\cl.command.1.tlog
d:\projects\qtvs\numericalmethod\numericalmethod\x64\debug\numericalmethod.tlog\cl.read.1.tlog
d:\projects\qtvs\numericalmethod\numericalmethod\x64\debug\numericalmethod.tlog\link.command.1.tlog
d:\projects\qtvs\numericalmethod\numericalmethod\x64\debug\numericalmethod.tlog\link.read.1.tlog
d:\projects\qtvs\numericalmethod\numericalmethod\x64\debug\numericalmethod.tlog\link.write.1.tlog
d:\projects\qtvs\numericalmethod\numericalmethod\x64\debug\numericalmethod.tlog\moc.read.1u.tlog
d:\projects\qtvs\numericalmethod\numericalmethod\x64\debug\numericalmethod.tlog\moc.write.1u.tlog
d:\projects\qtvs\numericalmethod\numericalmethod\x64\debug\numericalmethod.tlog\numericalmethod.write.1u.tlog
d:\projects\qtvs\numericalmethod\numericalmethod\x64\debug\numericalmethod.tlog\rc.command.1.tlog
d:\projects\qtvs\numericalmethod\numericalmethod\x64\debug\numericalmethod.tlog\rc.read.1.tlog
d:\projects\qtvs\numericalmethod\numericalmethod\x64\debug\numericalmethod.tlog\rc.write.1.tlog
d:\projects\qtvs\numericalmethod\numericalmethod\x64\debug\numericalmethod.tlog\rcc.read.1u.tlog
d:\projects\qtvs\numericalmethod\numericalmethod\x64\debug\numericalmethod.tlog\rcc.write.1u.tlog
d:\projects\qtvs\numericalmethod\numericalmethod\x64\debug\numericalmethod.tlog\uic.read.1u.tlog
d:\projects\qtvs\numericalmethod\numericalmethod\x64\debug\numericalmethod.tlog\uic.write.1u.tlog
