d:\projects\qtvs\numericalmethod\numericalmethod\x64\release\moc_numericalmethod.obj
d:\projects\qtvs\numericalmethod\numericalmethod\x64\release\moc_numericalmethod_method.obj
d:\projects\qtvs\numericalmethod\numericalmethod\x64\release\qrc_numericalmethod.obj
d:\projects\qtvs\numericalmethod\numericalmethod\x64\release\numericalmethod.obj
d:\projects\qtvs\numericalmethod\numericalmethod\x64\release\main.obj
d:\projects\qtvs\numericalmethod\numericalmethod\x64\release\numericalmethod_method.obj
d:\projects\qtvs\numericalmethod\x64\release\numericalmethod.exe
d:\projects\qtvs\numericalmethod\numericalmethod\x64\release\moc\moc_numericalmethod.cpp
d:\projects\qtvs\numericalmethod\numericalmethod\x64\release\moc\moc_numericalmethod_method.cpp
d:\projects\qtvs\numericalmethod\numericalmethod\x64\release\uic\ui_numericalmethod.h
d:\projects\qtvs\numericalmethod\numericalmethod\x64\release\uic\ui_numericalmethod_method.h
d:\projects\qtvs\numericalmethod\numericalmethod\x64\release\rcc\qrc_numericalmethod.cpp
d:\projects\qtvs\numericalmethod\numericalmethod\x64\release\numericalmethod.res
d:\projects\qtvs\numericalmethod\numericalmethod\x64\release\numericalmethod.tlog\cl.12600.write.1.tlog
d:\projects\qtvs\numericalmethod\numericalmethod\x64\release\numericalmethod.tlog\cl.command.1.tlog
d:\projects\qtvs\numericalmethod\numericalmethod\x64\release\numericalmethod.tlog\cl.read.1.tlog
d:\projects\qtvs\numericalmethod\numericalmethod\x64\release\numericalmethod.tlog\link.command.1.tlog
d:\projects\qtvs\numericalmethod\numericalmethod\x64\release\numericalmethod.tlog\link.read.1.tlog
d:\projects\qtvs\numericalmethod\numericalmethod\x64\release\numericalmethod.tlog\link.write.1.tlog
d:\projects\qtvs\numericalmethod\numericalmethod\x64\release\numericalmethod.tlog\moc.read.1u.tlog
d:\projects\qtvs\numericalmethod\numericalmethod\x64\release\numericalmethod.tlog\moc.write.1u.tlog
d:\projects\qtvs\numericalmethod\numericalmethod\x64\release\numericalmethod.tlog\numericalmethod.write.1u.tlog
d:\projects\qtvs\numericalmethod\numericalmethod\x64\release\numericalmethod.tlog\rc.command.1.tlog
d:\projects\qtvs\numericalmethod\numericalmethod\x64\release\numericalmethod.tlog\rc.read.1.tlog
d:\projects\qtvs\numericalmethod\numericalmethod\x64\release\numericalmethod.tlog\rc.write.1.tlog
d:\projects\qtvs\numericalmethod\numericalmethod\x64\release\numericalmethod.tlog\rcc.read.1u.tlog
d:\projects\qtvs\numericalmethod\numericalmethod\x64\release\numericalmethod.tlog\rcc.write.1u.tlog
d:\projects\qtvs\numericalmethod\numericalmethod\x64\release\numericalmethod.tlog\uic.read.1u.tlog
d:\projects\qtvs\numericalmethod\numericalmethod\x64\release\numericalmethod.tlog\uic.write.1u.tlog
